<?xml version="1.0" encoding="UTF-8"?>
<robot generator="Robot 4.1.3 (Python 3.9.2 on win32)" generated="20220315 10:40:30.843" rpa="false" schemaversion="2">
<suite id="s1" name="Demo2 Meet Suite" source="E:\ROBOT_SESSION\ROBOT_PROJECTS\Selenium_suite\demo2_meet_suite.robot">
<test id="s1-t1" name="TC1">
<kw name="Open Browser" library="SeleniumLibrary">
<arg>url=https://www.goto.com/meeting</arg>
<arg>browser=chrome</arg>
<arg>executable_path=${EXECDIR}${/}driver${/}chromedriver.exe</arg>
<doc>Opens a new browser instance to the optional ``url``.</doc>
<msg timestamp="20220315 10:40:31.237" level="INFO">Opening browser 'chrome' to base url 'https://www.goto.com/meeting'.</msg>
<status status="PASS" starttime="20220315 10:40:31.237" endtime="20220315 10:40:42.732"/>
</kw>
<kw name="Maximize Browser Window" library="SeleniumLibrary">
<doc>Maximizes current browser window.</doc>
<status status="PASS" starttime="20220315 10:40:42.733" endtime="20220315 10:40:50.081"/>
</kw>
<kw name="Click Element" library="SeleniumLibrary">
<arg>id=truste-consent-button</arg>
<doc>Click the element identified by ``locator``.</doc>
<msg timestamp="20220315 10:40:50.084" level="INFO">Clicking element 'id=truste-consent-button'.</msg>
<status status="PASS" starttime="20220315 10:40:50.082" endtime="20220315 10:40:50.378"/>
</kw>
<kw name="Click Element" library="SeleniumLibrary">
<arg>link=Get a Demo</arg>
<doc>Click the element identified by ``locator``.</doc>
<msg timestamp="20220315 10:40:50.379" level="INFO">Clicking element 'link=Get a Demo'.</msg>
<status status="PASS" starttime="20220315 10:40:50.379" endtime="20220315 10:40:53.848"/>
</kw>
<kw name="Input Text" library="SeleniumLibrary">
<arg>xpath=//input[@data-sc-field-name='firstName']</arg>
<arg>Navaneeta</arg>
<doc>Types the given ``text`` into the text field identified by ``locator``.</doc>
<msg timestamp="20220315 10:40:53.851" level="INFO">Typing text 'Navaneeta' into text field 'xpath=//input[@data-sc-field-name='firstName']'.</msg>
<status status="PASS" starttime="20220315 10:40:53.850" endtime="20220315 10:40:55.763"/>
</kw>
<kw name="Input Text" library="SeleniumLibrary">
<arg>xpath=//input[@data-sc-field-name='lastName']</arg>
<arg>Y</arg>
<doc>Types the given ``text`` into the text field identified by ``locator``.</doc>
<msg timestamp="20220315 10:40:55.767" level="INFO">Typing text 'Y' into text field 'xpath=//input[@data-sc-field-name='lastName']'.</msg>
<status status="PASS" starttime="20220315 10:40:55.766" endtime="20220315 10:40:56.004"/>
</kw>
<kw name="Input Text" library="SeleniumLibrary">
<arg>xpath=//input[@data-sc-field-name='email']</arg>
<arg>nav@gmail.</arg>
<doc>Types the given ``text`` into the text field identified by ``locator``.</doc>
<msg timestamp="20220315 10:40:56.005" level="INFO">Typing text 'nav@gmail.' into text field 'xpath=//input[@data-sc-field-name='email']'.</msg>
<status status="PASS" starttime="20220315 10:40:56.005" endtime="20220315 10:40:56.188"/>
</kw>
<kw name="Get Selected List Label" library="SeleniumLibrary">
<arg>xpath=//select[@data-sc-field-name='employees']</arg>
<arg>10 - 99</arg>
<doc>Returns the label of selected option from selection list ``locator``.</doc>
<msg timestamp="20220315 10:40:56.189" level="FAIL">Keyword 'SeleniumLibrary.Get Selected List Label' expected 1 argument, got 2.</msg>
<status status="FAIL" starttime="20220315 10:40:56.188" endtime="20220315 10:40:56.189"/>
</kw>
<status status="FAIL" starttime="20220315 10:40:31.236" endtime="20220315 10:40:56.189">Keyword 'SeleniumLibrary.Get Selected List Label' expected 1 argument, got 2.</status>
</test>
<status status="FAIL" starttime="20220315 10:40:30.846" endtime="20220315 10:40:56.190"/>
</suite>
<statistics>
<total>
<stat pass="0" fail="1" skip="0">All Tests</stat>
</total>
<tag>
</tag>
<suite>
<stat pass="0" fail="1" skip="0" id="s1" name="Demo2 Meet Suite">Demo2 Meet Suite</stat>
</suite>
</statistics>
<errors>
</errors>
</robot>
