<?xml version="1.0" encoding="UTF-8"?>
<robot generator="Robot 4.1.3 (Python 3.9.2 on win32)" generated="20220315 13:17:24.785" rpa="false" schemaversion="2">
<suite id="s1" name="Demo4 Multipletabs Suite" source="E:\ROBOT_SESSION\ROBOT_PROJECTS\Selenium_suite\demo4_multipletabs_suite.robot">
<test id="s1-t1" name="TC1">
<kw name="Open Browser" library="SeleniumLibrary">
<arg>browser=chrome</arg>
<arg>executable_path=${EXECDIR}${/}driver${/}chromedriver.exe</arg>
<doc>Opens a new browser instance to the optional ``url``.</doc>
<msg timestamp="20220315 13:17:25.123" level="INFO">Opening browser 'chrome' to base url 'None'.</msg>
<status status="PASS" starttime="20220315 13:17:25.122" endtime="20220315 13:17:27.457"/>
</kw>
<kw name="Maximize Browser Window" library="SeleniumLibrary">
<doc>Maximizes current browser window.</doc>
<status status="PASS" starttime="20220315 13:17:27.476" endtime="20220315 13:17:27.608"/>
</kw>
<kw name="Go To" library="SeleniumLibrary">
<arg>url=https://www.db4free.net/</arg>
<doc>Navigates the current browser window to the provided ``url``.</doc>
<msg timestamp="20220315 13:17:27.609" level="INFO">Opening url 'https://www.db4free.net/'</msg>
<status status="PASS" starttime="20220315 13:17:27.609" endtime="20220315 13:17:30.752"/>
</kw>
<kw name="Click Element" library="SeleniumLibrary">
<arg>partial link=phpMyAdmin</arg>
<doc>Click the element identified by ``locator``.</doc>
<msg timestamp="20220315 13:17:30.753" level="INFO">Clicking element 'partial link=phpMyAdmin'.</msg>
<status status="PASS" starttime="20220315 13:17:30.753" endtime="20220315 13:17:30.945"/>
</kw>
<kw name="Input Text" library="SeleniumLibrary">
<arg>name=pma_username</arg>
<arg>admin</arg>
<doc>Types the given ``text`` into the text field identified by ``locator``.</doc>
<msg timestamp="20220315 13:17:30.947" level="INFO">Typing text 'admin' into text field 'name=pma_username'.</msg>
<msg timestamp="20220315 13:17:50.266" level="INFO" html="true">&lt;/td&gt;&lt;/tr&gt;&lt;tr&gt;&lt;td colspan="3"&gt;&lt;a href="selenium-screenshot-26.png"&gt;&lt;img src="selenium-screenshot-26.png" width="800px"&gt;&lt;/a&gt;</msg>
<msg timestamp="20220315 13:17:50.269" level="FAIL">Element with locator 'name=pma_username' not found.</msg>
<status status="FAIL" starttime="20220315 13:17:30.946" endtime="20220315 13:17:50.269"/>
</kw>
<kw name="Input Password" library="SeleniumLibrary">
<arg>id=input_password</arg>
<arg>admin123</arg>
<doc>Types the given password into the text field identified by ``locator``.</doc>
<status status="NOT RUN" starttime="20220315 13:17:50.269" endtime="20220315 13:17:50.269"/>
</kw>
<status status="FAIL" starttime="20220315 13:17:25.121" endtime="20220315 13:17:50.274">Element with locator 'name=pma_username' not found.</status>
</test>
<status status="FAIL" starttime="20220315 13:17:24.791" endtime="20220315 13:17:50.277"/>
</suite>
<statistics>
<total>
<stat pass="0" fail="1" skip="0">All Tests</stat>
</total>
<tag>
</tag>
<suite>
<stat pass="0" fail="1" skip="0" id="s1" name="Demo4 Multipletabs Suite">Demo4 Multipletabs Suite</stat>
</suite>
</statistics>
<errors>
</errors>
</robot>
