<?xml version="1.0" encoding="UTF-8"?>
<robot generator="Robot 4.1.3 (Python 3.9.2 on win32)" generated="20220314 13:01:26.857" rpa="false" schemaversion="2">
<suite id="s1" name="Demo1 Orangehrm Suite" source="E:\ROBOT_SESSION\ROBOT_PROJECTS\Selenium_suite\demo1_orangehrm_suite.robot">
<test id="s1-t1" name="TC1">
<kw name="Append To Environment Variable" library="OperatingSystem">
<arg>Path</arg>
<arg>${EXECDIR}${/}driver${/}</arg>
<doc>Appends given ``values`` to environment variable ``name``.</doc>
<msg timestamp="20220314 13:01:27.306" level="INFO">Environment variable 'Path' set to value 'C:\Program Files\Python39\Scripts\;C:\Program Files\Python39\;C:\windows\system32;C:\windows;C:\windows\System32\Wbem;C:\windows\System32\WindowsPowerShell\v1.0\;C:\windows\System32\OpenSSH\;C:\Program Files (x86)\NVIDIA Corporation\PhysX\Common;C:\Program Files\MiKTeX 2.9\miktex\bin\x64\;C:\WINDOWS\system32;C:\WINDOWS;C:\WINDOWS\System32\Wbem;C:\WINDOWS\System32\WindowsPowerShell\v1.0\;C:\WINDOWS\System32\OpenSSH\;C:\Program Files\Git\cmd;C:\Users\NAVANEETA\AppData\Local\Programs\Python\Launcher\;C:\Users\NAVANEETA\AppData\Local\Microsoft\WindowsApps;E:\Microsoft VS Code\bin;E:\ROBOT_SESSION\ROBOT_PROJECTS\driver\'.</msg>
<status status="PASS" starttime="20220314 13:01:27.284" endtime="20220314 13:01:27.306"/>
</kw>
<kw name="Open Browser" library="SeleniumLibrary">
<arg>url=https://opensource-demo.orangehrmlive.com/</arg>
<arg>browser=chrome</arg>
<doc>Opens a new browser instance to the optional ``url``.</doc>
<msg timestamp="20220314 13:01:27.313" level="INFO">Opening browser 'chrome' to base url 'https://opensource-demo.orangehrmlive.com/'.</msg>
<status status="PASS" starttime="20220314 13:01:27.311" endtime="20220314 13:01:38.916"/>
</kw>
<status status="PASS" starttime="20220314 13:01:27.284" endtime="20220314 13:01:38.916"/>
</test>
<status status="PASS" starttime="20220314 13:01:26.860" endtime="20220314 13:01:38.917"/>
</suite>
<statistics>
<total>
<stat pass="1" fail="0" skip="0">All Tests</stat>
</total>
<tag>
</tag>
<suite>
<stat pass="1" fail="0" skip="0" id="s1" name="Demo1 Orangehrm Suite">Demo1 Orangehrm Suite</stat>
</suite>
</statistics>
<errors>
</errors>
</robot>
