<?xml version="1.0" encoding="UTF-8"?>
<robot generator="Robot 4.1.3 (Python 3.9.2 on win32)" generated="20220315 11:04:52.489" rpa="false" schemaversion="2">
<suite id="s1" name="Demo2 Meet Suite" source="E:\ROBOT_SESSION\ROBOT_PROJECTS\Selenium_suite\demo2_meet_suite.robot">
<test id="s1-t1" name="TC1">
<kw name="Open Browser" library="SeleniumLibrary">
<arg>url=https://www.goto.com/meeting</arg>
<arg>browser=chrome</arg>
<arg>executable_path=${EXECDIR}${/}driver${/}chromedriver.exe</arg>
<doc>Opens a new browser instance to the optional ``url``.</doc>
<msg timestamp="20220315 11:04:52.834" level="INFO">Opening browser 'chrome' to base url 'https://www.goto.com/meeting'.</msg>
<status status="PASS" starttime="20220315 11:04:52.833" endtime="20220315 11:05:04.291"/>
</kw>
<kw name="Maximize Browser Window" library="SeleniumLibrary">
<doc>Maximizes current browser window.</doc>
<status status="PASS" starttime="20220315 11:05:04.292" endtime="20220315 11:05:11.705"/>
</kw>
<kw name="Click Element" library="SeleniumLibrary">
<arg>id=truste-consent-button</arg>
<doc>Click the element identified by ``locator``.</doc>
<msg timestamp="20220315 11:05:11.707" level="INFO">Clicking element 'id=truste-consent-button'.</msg>
<status status="PASS" starttime="20220315 11:05:11.706" endtime="20220315 11:05:12.033"/>
</kw>
<kw name="Click Element" library="SeleniumLibrary">
<arg>link=Get a Demo</arg>
<doc>Click the element identified by ``locator``.</doc>
<msg timestamp="20220315 11:05:12.035" level="INFO">Clicking element 'link=Get a Demo'.</msg>
<status status="PASS" starttime="20220315 11:05:12.034" endtime="20220315 11:05:17.237"/>
</kw>
<kw name="Input Text" library="SeleniumLibrary">
<arg>xpath=//input[@data-sc-field-name='firstName']</arg>
<arg>Navaneeta</arg>
<doc>Types the given ``text`` into the text field identified by ``locator``.</doc>
<msg timestamp="20220315 11:05:17.239" level="INFO">Typing text 'Navaneeta' into text field 'xpath=//input[@data-sc-field-name='firstName']'.</msg>
<status status="PASS" starttime="20220315 11:05:17.239" endtime="20220315 11:05:18.328"/>
</kw>
<kw name="Input Text" library="SeleniumLibrary">
<arg>xpath=//input[@data-sc-field-name='lastName']</arg>
<arg>Y</arg>
<doc>Types the given ``text`` into the text field identified by ``locator``.</doc>
<msg timestamp="20220315 11:05:18.330" level="INFO">Typing text 'Y' into text field 'xpath=//input[@data-sc-field-name='lastName']'.</msg>
<status status="PASS" starttime="20220315 11:05:18.329" endtime="20220315 11:05:18.537"/>
</kw>
<kw name="Input Text" library="SeleniumLibrary">
<arg>xpath=//input[@data-sc-field-name='email']</arg>
<arg>nav@gmail.</arg>
<doc>Types the given ``text`` into the text field identified by ``locator``.</doc>
<msg timestamp="20220315 11:05:18.539" level="INFO">Typing text 'nav@gmail.' into text field 'xpath=//input[@data-sc-field-name='email']'.</msg>
<status status="PASS" starttime="20220315 11:05:18.538" endtime="20220315 11:05:18.807"/>
</kw>
<kw name="Select From List By Label" library="SeleniumLibrary">
<arg>xpath=//select[@data-sc-field-name='employees']</arg>
<arg>10 - 99</arg>
<doc>Selects options from selection list ``locator`` by ``labels``.</doc>
<msg timestamp="20220315 11:05:18.808" level="INFO">Selecting options from selection list 'xpath=//select[@data-sc-field-name='employees']' by label 10 - 99.</msg>
<status status="PASS" starttime="20220315 11:05:18.808" endtime="20220315 11:05:18.956"/>
</kw>
<kw name="Click Element" library="SeleniumLibrary">
<arg>xpath=//input[@type='submit']</arg>
<doc>Click the element identified by ``locator``.</doc>
<msg timestamp="20220315 11:05:18.957" level="INFO">Clicking element 'xpath=//input[@type='submit']'.</msg>
<status status="PASS" starttime="20220315 11:05:18.957" endtime="20220315 11:05:19.279"/>
</kw>
<status status="PASS" starttime="20220315 11:04:52.833" endtime="20220315 11:05:19.281"/>
</test>
<status status="PASS" starttime="20220315 11:04:52.492" endtime="20220315 11:05:19.287"/>
</suite>
<statistics>
<total>
<stat pass="1" fail="0" skip="0">All Tests</stat>
</total>
<tag>
</tag>
<suite>
<stat pass="1" fail="0" skip="0" id="s1" name="Demo2 Meet Suite">Demo2 Meet Suite</stat>
</suite>
</statistics>
<errors>
</errors>
</robot>
