<?xml version="1.0" encoding="UTF-8"?>
<robot generator="Robot 4.1.3 (Python 3.9.2 on win32)" generated="20220315 19:57:11.334" rpa="false" schemaversion="2">
<suite id="s1" name="Demo7 Nasscom Suite" source="E:\ROBOT_SESSION\ROBOT_PROJECTS\Selenium_suite\demo7_nasscom_suite.robot">
<test id="s1-t1" name="TC1">
<kw name="Open Browser" library="SeleniumLibrary">
<arg>browser=chrome</arg>
<arg>executable_path=${EXECDIR}${/}driver${/}chromedriver.exe</arg>
<doc>Opens a new browser instance to the optional ``url``.</doc>
<msg timestamp="20220315 19:57:11.627" level="INFO">Opening browser 'chrome' to base url 'None'.</msg>
<status status="PASS" starttime="20220315 19:57:11.626" endtime="20220315 19:57:13.391"/>
</kw>
<kw name="Maximize Browser Window" library="SeleniumLibrary">
<doc>Maximizes current browser window.</doc>
<status status="PASS" starttime="20220315 19:57:13.399" endtime="20220315 19:57:13.586"/>
</kw>
<kw name="Set Selenium Implicit Wait" library="SeleniumLibrary">
<arg>30s</arg>
<doc>Sets the implicit wait value used by Selenium.</doc>
<status status="PASS" starttime="20220315 19:57:13.587" endtime="20220315 19:57:13.599"/>
</kw>
<kw name="Go To" library="SeleniumLibrary">
<arg>url=https://nasscom.in/nasscom-membership</arg>
<doc>Navigates the current browser window to the provided ``url``.</doc>
<msg timestamp="20220315 19:57:13.601" level="INFO">Opening url 'https://nasscom.in/nasscom-membership'</msg>
<status status="PASS" starttime="20220315 19:57:13.600" endtime="20220315 19:57:17.622"/>
</kw>
<kw name="Click Element" library="SeleniumLibrary">
<arg>id=edit-field-membership-type-und-1203</arg>
<doc>Click the element identified by ``locator``.</doc>
<msg timestamp="20220315 19:57:17.623" level="INFO">Clicking element 'id=edit-field-membership-type-und-1203'.</msg>
<status status="PASS" starttime="20220315 19:57:17.623" endtime="20220315 19:57:17.738"/>
</kw>
<kw name="Click Element" library="SeleniumLibrary">
<arg>id=edit-field-business-focus-inst-und-970</arg>
<doc>Click the element identified by ``locator``.</doc>
<msg timestamp="20220315 19:57:17.740" level="INFO">Clicking element 'id=edit-field-business-focus-inst-und-970'.</msg>
<status status="PASS" starttime="20220315 19:57:17.739" endtime="20220315 19:57:18.126"/>
</kw>
<kw name="Click Element" library="SeleniumLibrary">
<arg>id=edit-field-business-focus-inst-und-968</arg>
<doc>Click the element identified by ``locator``.</doc>
<msg timestamp="20220315 19:57:18.129" level="INFO">Clicking element 'id=edit-field-business-focus-inst-und-968'.</msg>
<status status="PASS" starttime="20220315 19:57:18.128" endtime="20220315 19:57:18.235"/>
</kw>
<kw name="Input Text" library="SeleniumLibrary">
<arg>id=edit-title</arg>
<arg>LT</arg>
<doc>Types the given ``text`` into the text field identified by ``locator``.</doc>
<msg timestamp="20220315 19:57:18.238" level="INFO">Typing text 'LT' into text field 'id=edit-title'.</msg>
<status status="PASS" starttime="20220315 19:57:18.237" endtime="20220315 19:57:18.504"/>
</kw>
<kw name="Input Text" library="SeleniumLibrary">
<arg>id=edit-field-address-line-1-und-0-value</arg>
<arg>20,Chennai</arg>
<doc>Types the given ``text`` into the text field identified by ``locator``.</doc>
<msg timestamp="20220315 19:57:18.506" level="INFO">Typing text '20,Chennai' into text field 'id=edit-field-address-line-1-und-0-value'.</msg>
<status status="PASS" starttime="20220315 19:57:18.505" endtime="20220315 19:57:18.792"/>
</kw>
<kw name="Select From List By Label" library="SeleniumLibrary">
<arg>id=edit-field-state-member-und</arg>
<arg>Tamil Nadu</arg>
<doc>Selects options from selection list ``locator`` by ``labels``.</doc>
<msg timestamp="20220315 19:57:18.794" level="INFO">Selecting options from selection list 'id=edit-field-state-member-und' by label Tamil Nadu.</msg>
<status status="PASS" starttime="20220315 19:57:18.793" endtime="20220315 19:57:18.908"/>
</kw>
<kw name="Select From List By Label" library="SeleniumLibrary">
<arg>id=edit-field-city-membership-und</arg>
<arg>Chennai</arg>
<doc>Selects options from selection list ``locator`` by ``labels``.</doc>
<msg timestamp="20220315 19:57:18.909" level="INFO">Selecting options from selection list 'id=edit-field-city-membership-und' by label Chennai.</msg>
<status status="PASS" starttime="20220315 19:57:18.908" endtime="20220315 19:57:19.032"/>
</kw>
<kw name="Click Element" library="SeleniumLibrary">
<arg>id=edit-field-mode-of-payment-und-1</arg>
<doc>Click the element identified by ``locator``.</doc>
<msg timestamp="20220315 19:57:19.034" level="INFO">Clicking element 'id=edit-field-mode-of-payment-und-1'.</msg>
<status status="PASS" starttime="20220315 19:57:19.032" endtime="20220315 19:57:19.121"/>
</kw>
<kw name="Click Element" library="SeleniumLibrary">
<arg>id=edit-field-code-of-conduct-und-0</arg>
<doc>Click the element identified by ``locator``.</doc>
<msg timestamp="20220315 19:57:19.122" level="INFO">Clicking element 'id=edit-field-code-of-conduct-und-0'.</msg>
<status status="PASS" starttime="20220315 19:57:19.122" endtime="20220315 19:57:19.253"/>
</kw>
<kw name="Click Element" library="SeleniumLibrary">
<arg>id=edit-preview</arg>
<doc>Click the element identified by ``locator``.</doc>
<msg timestamp="20220315 19:57:19.255" level="INFO">Clicking element 'id=edit-preview'.</msg>
<status status="PASS" starttime="20220315 19:57:19.254" endtime="20220315 19:57:19.498"/>
</kw>
<kw name="Choose File" library="SeleniumLibrary">
<arg>id=edit-field-memorandum-article-of-asso-und-0-upload</arg>
<arg>C:${/}Users${/}NAVANEETA${/}Downloads${/}AI minor-2.pdf</arg>
<doc>Inputs the ``file_path`` into the file input field ``locator``.</doc>
<msg timestamp="20220315 19:57:19.500" level="INFO">Sending C:\Users\NAVANEETA\Downloads\AI minor-2.pdf to browser.</msg>
<status status="PASS" starttime="20220315 19:57:19.499" endtime="20220315 19:57:19.575"/>
</kw>
<status status="PASS" starttime="20220315 19:57:11.625" endtime="20220315 19:57:19.576"/>
</test>
<status status="PASS" starttime="20220315 19:57:11.337" endtime="20220315 19:57:19.576"/>
</suite>
<statistics>
<total>
<stat pass="1" fail="0" skip="0">All Tests</stat>
</total>
<tag>
</tag>
<suite>
<stat pass="1" fail="0" skip="0" id="s1" name="Demo7 Nasscom Suite">Demo7 Nasscom Suite</stat>
</suite>
</statistics>
<errors>
</errors>
</robot>
