<?xml version="1.0" encoding="UTF-8"?>
<robot generator="Robot 4.1.3 (Python 3.9.2 on win32)" generated="20220316 10:07:04.398" rpa="false" schemaversion="2">
<suite id="s1" name="Demo9 Alert Suite" source="E:\ROBOT_SESSION\ROBOT_PROJECTS\Selenium_suite\demo9_alert_suite.robot">
<test id="s1-t1" name="TC1">
<kw name="Open Browser" library="SeleniumLibrary">
<arg>browser=chrome</arg>
<arg>executable_path=${EXECDIR}${/}driver${/}chromedriver.exe</arg>
<doc>Opens a new browser instance to the optional ``url``.</doc>
<msg timestamp="20220316 10:07:04.755" level="INFO">Opening browser 'chrome' to base url 'None'.</msg>
<status status="PASS" starttime="20220316 10:07:04.754" endtime="20220316 10:07:06.604"/>
</kw>
<kw name="Maximize Browser Window" library="SeleniumLibrary">
<doc>Maximizes current browser window.</doc>
<status status="PASS" starttime="20220316 10:07:06.610" endtime="20220316 10:07:06.745"/>
</kw>
<kw name="Set Selenium Implicit Wait" library="SeleniumLibrary">
<arg>30s</arg>
<doc>Sets the implicit wait value used by Selenium.</doc>
<status status="PASS" starttime="20220316 10:07:06.747" endtime="20220316 10:07:06.759"/>
</kw>
<kw name="Go To" library="SeleniumLibrary">
<arg>url=https://netbanking.hdfcbank.com/netbanking/IpinResetUsingOTP.htm</arg>
<doc>Navigates the current browser window to the provided ``url``.</doc>
<msg timestamp="20220316 10:07:06.763" level="INFO">Opening url 'https://netbanking.hdfcbank.com/netbanking/IpinResetUsingOTP.htm'</msg>
<status status="PASS" starttime="20220316 10:07:06.762" endtime="20220316 10:07:08.483"/>
</kw>
<kw name="Click Element" library="SeleniumLibrary">
<arg>xpath=//img[@alt='Go']</arg>
<doc>Click the element identified by ``locator``.</doc>
<msg timestamp="20220316 10:07:08.486" level="INFO">Clicking element 'xpath=//img[@alt='Go']'.</msg>
<status status="PASS" starttime="20220316 10:07:08.483" endtime="20220316 10:07:08.607"/>
</kw>
<kw name="Handle Alert" library="SeleniumLibrary">
<var>${alert_text}</var>
<arg>action=ACCEPT</arg>
<arg>timeout=5s</arg>
<doc>Handles the current alert and returns its message.</doc>
<msg timestamp="20220316 10:07:08.611" level="INFO">HANDLE::&lt;class 'datetime.timedelta'&gt;::0:00:05</msg>
<msg timestamp="20220316 10:07:08.626" level="INFO">${alert_text} = Customer ID  cannot be left blank.</msg>
<status status="PASS" starttime="20220316 10:07:08.609" endtime="20220316 10:07:08.626"/>
</kw>
<kw name="Log To Console" library="BuiltIn">
<arg>${alert_text}</arg>
<doc>Logs the given message to the console.</doc>
<status status="PASS" starttime="20220316 10:07:08.627" endtime="20220316 10:07:08.631"/>
</kw>
<status status="PASS" starttime="20220316 10:07:04.753" endtime="20220316 10:07:08.634"/>
</test>
<status status="PASS" starttime="20220316 10:07:04.401" endtime="20220316 10:07:08.641"/>
</suite>
<statistics>
<total>
<stat pass="1" fail="0" skip="0">All Tests</stat>
</total>
<tag>
</tag>
<suite>
<stat pass="1" fail="0" skip="0" id="s1" name="Demo9 Alert Suite">Demo9 Alert Suite</stat>
</suite>
</statistics>
<errors>
</errors>
</robot>
