<?xml version="1.0" encoding="UTF-8"?>
<robot generator="Robot 4.1.3 (Python 3.9.2 on win32)" generated="20220318 14:32:07.103" rpa="false" schemaversion="2">
<suite id="s1" name="Demo1 Suite" source="E:\ROBOT_SESSION\ROBOT_PROJECTS\db_suite\demo1_suite.robot">
<kw name="Connect To Database" library="DatabaseLibrary" type="SETUP">
<arg>dbapiModuleName=pymysql</arg>
<arg>dbName=dbfree_db</arg>
<arg>dbUsername=dbfree_db</arg>
<arg>dbPassword=12345678</arg>
<arg>dbHost=db4free.net</arg>
<arg>dbPort=3306</arg>
<doc>Loads the DB API 2.0 module given `dbapiModuleName` then uses it to
connect to the database using `dbName`, `dbUsername`, and `dbPassword`.</doc>
<msg timestamp="20220318 14:32:07.254" level="INFO">Connecting using : pymysql.connect(db=dbfree_db, user=dbfree_db, passwd=12345678, host=db4free.net, port=3306, charset=None) </msg>
<status status="PASS" starttime="20220318 14:32:07.184" endtime="20220318 14:32:07.862"/>
</kw>
<test id="s1-t1" name="TC5">
<kw name="Execute Sql String" library="DatabaseLibrary">
<arg>update Products set productname='Nav' where product_id=655</arg>
<doc>Executes the sqlString as SQL commands. Useful to pass arguments to your sql. Set optional input `sansTran` to
True to run command without an explicit transaction commit or rollback.</doc>
<msg timestamp="20220318 14:32:07.866" level="INFO">Executing : Execute SQL String  |  update Products set productname='Nav' where product_id=655 </msg>
<status status="PASS" starttime="20220318 14:32:07.865" endtime="20220318 14:32:08.567"/>
</kw>
<kw name="Query" library="DatabaseLibrary">
<var>@{output}</var>
<arg>select * from Products where product_id=655</arg>
<doc>Uses the input `selectStatement` to query for the values that will be returned as a list of tuples. Set optional
input `sansTran` to True to run command without an explicit transaction commit or rollback.
Set optional input `returnAsDict` to True to return values as a list of dictionaries.</doc>
<msg timestamp="20220318 14:32:08.569" level="INFO">Executing : Query  |  select * from Products where product_id=655 </msg>
<msg timestamp="20220318 14:32:08.870" level="INFO">@{output} = [ (655, 'Nav', 'Hi') ]</msg>
<status status="PASS" starttime="20220318 14:32:08.569" endtime="20220318 14:32:08.870"/>
</kw>
<kw name="Log To Console" library="BuiltIn">
<arg>${output}</arg>
<doc>Logs the given message to the console.</doc>
<status status="PASS" starttime="20220318 14:32:08.872" endtime="20220318 14:32:08.875"/>
</kw>
<status status="PASS" starttime="20220318 14:32:07.862" endtime="20220318 14:32:08.877"/>
</test>
<kw name="Disconnect From Database" library="DatabaseLibrary" type="TEARDOWN">
<doc>Disconnects from the database.</doc>
<msg timestamp="20220318 14:32:08.884" level="INFO">Executing : Disconnect From Database</msg>
<status status="PASS" starttime="20220318 14:32:08.884" endtime="20220318 14:32:08.886"/>
</kw>
<status status="PASS" starttime="20220318 14:32:07.106" endtime="20220318 14:32:08.886"/>
</suite>
<statistics>
<total>
<stat pass="1" fail="0" skip="0">All Tests</stat>
</total>
<tag>
</tag>
<suite>
<stat pass="1" fail="0" skip="0" id="s1" name="Demo1 Suite">Demo1 Suite</stat>
</suite>
</statistics>
<errors>
</errors>
</robot>
