<?xml version="1.0" encoding="UTF-8"?>
<robot generator="Robot 4.1.3 (Python 3.9.2 on win32)" generated="20220316 10:43:24.919" rpa="false" schemaversion="2">
<suite id="s1" name="Demo9 Alert Suite" source="E:\ROBOT_SESSION\ROBOT_PROJECTS\Selenium_suite\demo9_alert_suite.robot">
<test id="s1-t1" name="TC2">
<kw name="Open Browser" library="SeleniumLibrary">
<arg>browser=chrome</arg>
<arg>executable_path=${EXECDIR}${/}driver${/}chromedriver.exe</arg>
<doc>Opens a new browser instance to the optional ``url``.</doc>
<msg timestamp="20220316 10:43:25.261" level="INFO">Opening browser 'chrome' to base url 'None'.</msg>
<status status="PASS" starttime="20220316 10:43:25.260" endtime="20220316 10:43:27.246"/>
</kw>
<kw name="Maximize Browser Window" library="SeleniumLibrary">
<doc>Maximizes current browser window.</doc>
<status status="PASS" starttime="20220316 10:43:27.247" endtime="20220316 10:43:27.381"/>
</kw>
<kw name="Set Selenium Implicit Wait" library="SeleniumLibrary">
<arg>20s</arg>
<doc>Sets the implicit wait value used by Selenium.</doc>
<status status="PASS" starttime="20220316 10:43:27.382" endtime="20220316 10:43:27.385"/>
</kw>
<kw name="Go To" library="SeleniumLibrary">
<arg>url=https://nasscom.in/nasscom-membership</arg>
<doc>Navigates the current browser window to the provided ``url``.</doc>
<msg timestamp="20220316 10:43:27.386" level="INFO">Opening url 'https://nasscom.in/nasscom-membership'</msg>
<status status="PASS" starttime="20220316 10:43:27.386" endtime="20220316 10:43:31.441"/>
</kw>
<kw name="Click Element" library="SeleniumLibrary">
<arg>link=Calculate Membership Fee</arg>
<doc>Click the element identified by ``locator``.</doc>
<msg timestamp="20220316 10:43:31.442" level="INFO">Clicking element 'link=Calculate Membership Fee'.</msg>
<status status="PASS" starttime="20220316 10:43:31.442" endtime="20220316 10:43:31.594"/>
</kw>
<kw name="Handle Alert" library="SeleniumLibrary">
<var>${alert_text}</var>
<arg>action=ACCEPT</arg>
<arg>timeout=20s</arg>
<doc>Handles the current alert and returns its message.</doc>
<msg timestamp="20220316 10:43:31.596" level="INFO">HANDLE::&lt;class 'datetime.timedelta'&gt;::0:00:20</msg>
<msg timestamp="20220316 10:43:31.623" level="INFO">${alert_text} = Please enter amount in digit and greater than zero.</msg>
<status status="PASS" starttime="20220316 10:43:31.595" endtime="20220316 10:43:31.623"/>
</kw>
<kw name="Log To Console" library="BuiltIn">
<arg>${alert_text}</arg>
<doc>Logs the given message to the console.</doc>
<status status="PASS" starttime="20220316 10:43:31.625" endtime="20220316 10:43:31.625"/>
</kw>
<kw name="Should Be Equal" library="BuiltIn">
<arg>${alert_text}</arg>
<arg>Please enter amount in digit and greater than zero.</arg>
<doc>Fails if the given objects are unequal.</doc>
<status status="PASS" starttime="20220316 10:43:31.627" endtime="20220316 10:43:31.628"/>
</kw>
<status status="PASS" starttime="20220316 10:43:25.259" endtime="20220316 10:43:31.629"/>
</test>
<status status="PASS" starttime="20220316 10:43:24.923" endtime="20220316 10:43:31.635"/>
</suite>
<statistics>
<total>
<stat pass="1" fail="0" skip="0">All Tests</stat>
</total>
<tag>
</tag>
<suite>
<stat pass="1" fail="0" skip="0" id="s1" name="Demo9 Alert Suite">Demo9 Alert Suite</stat>
</suite>
</statistics>
<errors>
</errors>
</robot>
