<?xml version="1.0" encoding="UTF-8"?>
<robot generator="Robot 4.1.3 (Python 3.9.2 on win32)" generated="20220314 15:47:46.950" rpa="false" schemaversion="2">
<suite id="s1" name="Demo1 Orangehrm Suite" source="E:\ROBOT_SESSION\ROBOT_PROJECTS\Selenium_suite\demo1_orangehrm_suite.robot">
<test id="s1-t1" name="TC1">
<kw name="Append To Environment Variable" library="OperatingSystem">
<arg>Path</arg>
<arg>${EXECDIR}${/}driver${/}</arg>
<doc>Appends given ``values`` to environment variable ``name``.</doc>
<msg timestamp="20220314 15:47:47.282" level="INFO">Environment variable 'Path' set to value 'C:\Program Files\Python39\Scripts\;C:\Program Files\Python39\;C:\windows\system32;C:\windows;C:\windows\System32\Wbem;C:\windows\System32\WindowsPowerShell\v1.0\;C:\windows\System32\OpenSSH\;C:\Program Files (x86)\NVIDIA Corporation\PhysX\Common;C:\Program Files\MiKTeX 2.9\miktex\bin\x64\;C:\WINDOWS\system32;C:\WINDOWS;C:\WINDOWS\System32\Wbem;C:\WINDOWS\System32\WindowsPowerShell\v1.0\;C:\WINDOWS\System32\OpenSSH\;C:\Program Files\Git\cmd;C:\Users\NAVANEETA\AppData\Local\Programs\Python\Launcher\;C:\Users\NAVANEETA\AppData\Local\Microsoft\WindowsApps;E:\Microsoft VS Code\bin;E:\ROBOT_SESSION\ROBOT_PROJECTS\driver\'.</msg>
<status status="PASS" starttime="20220314 15:47:47.281" endtime="20220314 15:47:47.282"/>
</kw>
<kw name="Open Browser" library="SeleniumLibrary">
<arg>url=https://opensource-demo.orangehrmlive.com/</arg>
<arg>browser=chrome</arg>
<doc>Opens a new browser instance to the optional ``url``.</doc>
<msg timestamp="20220314 15:47:47.283" level="INFO">Opening browser 'chrome' to base url 'https://opensource-demo.orangehrmlive.com/'.</msg>
<status status="PASS" starttime="20220314 15:47:47.283" endtime="20220314 15:47:53.342"/>
</kw>
<kw name="Maximize Browser Window" library="SeleniumLibrary">
<doc>Maximizes current browser window.</doc>
<status status="PASS" starttime="20220314 15:47:53.343" endtime="20220314 15:47:53.476"/>
</kw>
<kw name="Sleep" library="BuiltIn">
<arg>3s</arg>
<doc>Pauses the test executed for the given time.</doc>
<msg timestamp="20220314 15:47:56.488" level="INFO">Slept 3 seconds</msg>
<status status="PASS" starttime="20220314 15:47:53.476" endtime="20220314 15:47:56.488"/>
</kw>
<kw name="Input Text" library="SeleniumLibrary">
<arg>id=txtUsername</arg>
<arg>Admin</arg>
<doc>Types the given ``text`` into the text field identified by ``locator``.</doc>
<msg timestamp="20220314 15:47:56.489" level="INFO">Typing text 'Admin' into text field 'id=txtUsername'.</msg>
<status status="PASS" starttime="20220314 15:47:56.489" endtime="20220314 15:47:56.638"/>
</kw>
<kw name="Sleep" library="BuiltIn">
<arg>2s</arg>
<doc>Pauses the test executed for the given time.</doc>
<msg timestamp="20220314 15:47:58.641" level="INFO">Slept 2 seconds</msg>
<status status="PASS" starttime="20220314 15:47:56.639" endtime="20220314 15:47:58.641"/>
</kw>
<kw name="Input Password" library="SeleniumLibrary">
<arg>id=txtPassword</arg>
<arg>admin123</arg>
<doc>Types the given password into the text field identified by ``locator``.</doc>
<msg timestamp="20220314 15:47:58.642" level="INFO">Typing password into text field 'id=txtPassword'.</msg>
<msg timestamp="20220314 15:47:58.708" level="INFO">Temporally setting log level to: NONE</msg>
<msg timestamp="20220314 15:47:58.787" level="INFO">Log level changed from NONE to INFO.</msg>
<status status="PASS" starttime="20220314 15:47:58.641" endtime="20220314 15:47:58.788"/>
</kw>
<kw name="Sleep" library="BuiltIn">
<arg>2s</arg>
<doc>Pauses the test executed for the given time.</doc>
<msg timestamp="20220314 15:48:00.793" level="INFO">Slept 2 seconds</msg>
<status status="PASS" starttime="20220314 15:47:58.788" endtime="20220314 15:48:00.793"/>
</kw>
<kw name="Click Element" library="SeleniumLibrary">
<arg>id=btnLogin</arg>
<doc>Click the element identified by ``locator``.</doc>
<msg timestamp="20220314 15:48:00.794" level="INFO">Clicking element 'id=btnLogin'.</msg>
<status status="PASS" starttime="20220314 15:48:00.794" endtime="20220314 15:48:05.098"/>
</kw>
<kw name="Click Element" library="SeleniumLibrary">
<arg>id=welcome</arg>
<doc>Click the element identified by ``locator``.</doc>
<msg timestamp="20220314 15:48:05.100" level="INFO">Clicking element 'id=welcome'.</msg>
<status status="PASS" starttime="20220314 15:48:05.100" endtime="20220314 15:48:05.177"/>
</kw>
<kw name="Sleep" library="BuiltIn">
<arg>3s</arg>
<doc>Pauses the test executed for the given time.</doc>
<msg timestamp="20220314 15:48:08.189" level="INFO">Slept 3 seconds</msg>
<status status="PASS" starttime="20220314 15:48:05.178" endtime="20220314 15:48:08.190"/>
</kw>
<kw name="Click Element" library="SeleniumLibrary">
<arg>Link=Logout</arg>
<doc>Click the element identified by ``locator``.</doc>
<msg timestamp="20220314 15:48:08.194" level="INFO">Clicking element 'Link=Logout'.</msg>
<status status="PASS" starttime="20220314 15:48:08.192" endtime="20220314 15:48:09.368"/>
</kw>
<status status="PASS" starttime="20220314 15:47:47.280" endtime="20220314 15:48:09.369"/>
</test>
<status status="PASS" starttime="20220314 15:47:46.952" endtime="20220314 15:48:09.371"/>
</suite>
<statistics>
<total>
<stat pass="1" fail="0" skip="0">All Tests</stat>
</total>
<tag>
</tag>
<suite>
<stat pass="1" fail="0" skip="0" id="s1" name="Demo1 Orangehrm Suite">Demo1 Orangehrm Suite</stat>
</suite>
</statistics>
<errors>
</errors>
</robot>
