<?xml version="1.0" encoding="UTF-8"?>
<robot generator="Robot 4.1.3 (Python 3.9.2 on win32)" generated="20220312 21:47:02.036" rpa="false" schemaversion="2">
<suite id="s1" name="Demo3 Suite" source="E:\ROBOT_SESSION\ROBOT_PROJECTS\robot_suite\demo3_suite.robot">
<test id="s1-t1" name="TC1">
<kw name="Log To Console" library="BuiltIn">
<arg>E:\\ROBOT_SESSION\\ROBOT_PROJECTS\\robot_suite</arg>
<doc>Logs the given message to the console.</doc>
<status status="PASS" starttime="20220312 21:47:02.126" endtime="20220312 21:47:02.128"/>
</kw>
<kw name="Log To Console" library="BuiltIn">
<arg>${EXECDIR}</arg>
<doc>Logs the given message to the console.</doc>
<status status="PASS" starttime="20220312 21:47:02.129" endtime="20220312 21:47:02.130"/>
</kw>
<kw name="Log To Console" library="BuiltIn">
<arg>${OUTPUT_DIR}</arg>
<doc>Logs the given message to the console.</doc>
<status status="PASS" starttime="20220312 21:47:02.131" endtime="20220312 21:47:02.133"/>
</kw>
<kw name="Log To Console" library="BuiltIn">
<arg>${TEMPDIR}</arg>
<doc>Logs the given message to the console.</doc>
<status status="PASS" starttime="20220312 21:47:02.134" endtime="20220312 21:47:02.135"/>
</kw>
<kw name="Log To Console" library="BuiltIn">
<arg>${TEST_NAME}</arg>
<doc>Logs the given message to the console.</doc>
<status status="PASS" starttime="20220312 21:47:02.136" endtime="20220312 21:47:02.138"/>
</kw>
<status status="PASS" starttime="20220312 21:47:02.125" endtime="20220312 21:47:02.139"/>
</test>
<test id="s1-t2" name="TC2">
<kw name="Create Directory" library="OperatingSystem">
<arg>E:${/}ROBOT_SESSION${/}ROBOT_PROJECTS${/}Temp</arg>
<doc>Creates the specified directory.</doc>
<msg timestamp="20220312 21:47:02.144" level="INFO" html="true">Directory '&lt;a href="file://E:\ROBOT_SESSION\ROBOT_PROJECTS\Temp"&gt;E:\ROBOT_SESSION\ROBOT_PROJECTS\Temp&lt;/a&gt;' already exists.</msg>
<status status="PASS" starttime="20220312 21:47:02.143" endtime="20220312 21:47:02.144"/>
</kw>
<kw name="Create File" library="OperatingSystem">
<arg>E:${/}ROBOT_SESSION${/}ROBOT_PROJECTS${/}Temp${/}Notes.txt</arg>
<arg>Happy Birthday Navaneeta!</arg>
<doc>Creates a file with the given content and encoding.</doc>
<msg timestamp="20220312 21:47:02.148" level="INFO" html="true">Created file '&lt;a href="file://E:\ROBOT_SESSION\ROBOT_PROJECTS\Temp\Notes.txt"&gt;E:\ROBOT_SESSION\ROBOT_PROJECTS\Temp\Notes.txt&lt;/a&gt;'.</msg>
<status status="PASS" starttime="20220312 21:47:02.145" endtime="20220312 21:47:02.149"/>
</kw>
<status status="PASS" starttime="20220312 21:47:02.142" endtime="20220312 21:47:02.150"/>
</test>
<test id="s1-t3" name="TC3">
<kw name="Copy File" library="OperatingSystem">
<arg>E:${/}ROBOT_SESSION${/}ROBOT_PROJECTS${/}Temp${/}Notes.txt</arg>
<arg>E:${/}ROBOT_SESSION${/}ROBOT_PROJECTS${/}Temp${/}Notes1.txt</arg>
<doc>Copies the source file into the destination.</doc>
<msg timestamp="20220312 21:47:02.171" level="INFO" html="true">Copied file from '&lt;a href="file://E:\ROBOT_SESSION\ROBOT_PROJECTS\Temp\Notes.txt"&gt;E:\ROBOT_SESSION\ROBOT_PROJECTS\Temp\Notes.txt&lt;/a&gt;' to '&lt;a href="file://E:\ROBOT_SESSION\ROBOT_PROJECTS\Temp\Notes1.txt"&gt;E:\ROBOT_SESSION\ROBOT_PROJECTS\Temp\Notes1.txt&lt;/a&gt;'.</msg>
<status status="PASS" starttime="20220312 21:47:02.156" endtime="20220312 21:47:02.172"/>
</kw>
<status status="PASS" starttime="20220312 21:47:02.154" endtime="20220312 21:47:02.173"/>
</test>
<status status="PASS" starttime="20220312 21:47:02.039" endtime="20220312 21:47:02.176"/>
</suite>
<statistics>
<total>
<stat pass="3" fail="0" skip="0">All Tests</stat>
</total>
<tag>
</tag>
<suite>
<stat pass="3" fail="0" skip="0" id="s1" name="Demo3 Suite">Demo3 Suite</stat>
</suite>
</statistics>
<errors>
</errors>
</robot>
