<?xml version="1.0" encoding="UTF-8"?>
<robot generator="Robot 4.1.3 (Python 3.9.2 on win32)" generated="20220315 15:58:06.612" rpa="false" schemaversion="2">
<suite id="s1" name="Demo6 Redbus Suite" source="E:\ROBOT_SESSION\ROBOT_PROJECTS\Selenium_suite\demo6_redbus_suite.robot">
<test id="s1-t1" name="TC1">
<kw name="Open Browser" library="SeleniumLibrary">
<arg>browser=chrome</arg>
<arg>executable_path=${EXECDIR}${/}driver${/}chromedriver.exe</arg>
<doc>Opens a new browser instance to the optional ``url``.</doc>
<msg timestamp="20220315 15:58:06.987" level="INFO">Opening browser 'chrome' to base url 'None'.</msg>
<status status="PASS" starttime="20220315 15:58:06.986" endtime="20220315 15:58:09.692"/>
</kw>
<kw name="Maximize Browser Window" library="SeleniumLibrary">
<doc>Maximizes current browser window.</doc>
<status status="PASS" starttime="20220315 15:58:09.699" endtime="20220315 15:58:10.039"/>
</kw>
<kw name="Go To" library="SeleniumLibrary">
<arg>url=https://www.redbus.in/</arg>
<doc>Navigates the current browser window to the provided ``url``.</doc>
<msg timestamp="20220315 15:58:10.045" level="INFO">Opening url 'https://www.redbus.in/'</msg>
<status status="PASS" starttime="20220315 15:58:10.044" endtime="20220315 15:58:48.748"/>
</kw>
<kw name="Click Element" library="SeleniumLibrary">
<arg>id=i-icon-profile</arg>
<doc>Click the element identified by ``locator``.</doc>
<msg timestamp="20220315 15:58:48.749" level="INFO">Clicking element 'id=i-icon-profile'.</msg>
<status status="PASS" starttime="20220315 15:58:48.749" endtime="20220315 15:58:48.831"/>
</kw>
<kw name="Click Element" library="SeleniumLibrary">
<arg>id=signInLink</arg>
<doc>Click the element identified by ``locator``.</doc>
<msg timestamp="20220315 15:58:48.833" level="INFO">Clicking element 'id=signInLink'.</msg>
<status status="PASS" starttime="20220315 15:58:48.833" endtime="20220315 15:58:49.010"/>
</kw>
<kw name="Select Frame" library="SeleniumLibrary">
<arg>xpath=//iframe[@class='modalIframe']</arg>
<doc>Sets frame identified by ``locator`` as the current frame.</doc>
<msg timestamp="20220315 15:58:49.011" level="INFO">Selecting frame 'xpath=//iframe[@class='modalIframe']'.</msg>
<status status="PASS" starttime="20220315 15:58:49.010" endtime="20220315 15:58:53.436"/>
</kw>
<kw name="Input Text" library="SeleniumLibrary">
<arg>id=mobileNoInp</arg>
<arg>123456781</arg>
<doc>Types the given ``text`` into the text field identified by ``locator``.</doc>
<msg timestamp="20220315 15:58:53.438" level="INFO">Typing text '123456781' into text field 'id=mobileNoInp'.</msg>
<status status="PASS" starttime="20220315 15:58:53.437" endtime="20220315 15:58:53.898"/>
</kw>
<status status="PASS" starttime="20220315 15:58:06.985" endtime="20220315 15:58:53.899"/>
</test>
<status status="PASS" starttime="20220315 15:58:06.619" endtime="20220315 15:58:53.901"/>
</suite>
<statistics>
<total>
<stat pass="1" fail="0" skip="0">All Tests</stat>
</total>
<tag>
</tag>
<suite>
<stat pass="1" fail="0" skip="0" id="s1" name="Demo6 Redbus Suite">Demo6 Redbus Suite</stat>
</suite>
</statistics>
<errors>
</errors>
</robot>
