<?xml version="1.0" encoding="UTF-8"?>
<robot generator="Robot 4.1.3 (Python 3.9.2 on win32)" generated="20220315 15:22:50.253" rpa="false" schemaversion="2">
<suite id="s1" name="Demo5 Frame Suite" source="E:\ROBOT_SESSION\ROBOT_PROJECTS\Selenium_suite\demo5_frame_suite.robot">
<test id="s1-t1" name="TC1">
<kw name="Open Browser" library="SeleniumLibrary">
<arg>browser=chrome</arg>
<arg>executable_path=${EXECDIR}${/}driver${/}chromedriver.exe</arg>
<doc>Opens a new browser instance to the optional ``url``.</doc>
<msg timestamp="20220315 15:22:50.606" level="INFO">Opening browser 'chrome' to base url 'None'.</msg>
<status status="PASS" starttime="20220315 15:22:50.605" endtime="20220315 15:22:53.034"/>
</kw>
<kw name="Maximize Browser Window" library="SeleniumLibrary">
<doc>Maximizes current browser window.</doc>
<status status="PASS" starttime="20220315 15:22:53.037" endtime="20220315 15:22:53.194"/>
</kw>
<kw name="Go To" library="SeleniumLibrary">
<arg>url=https://netbanking.hdfcbank.com/netbanking/</arg>
<doc>Navigates the current browser window to the provided ``url``.</doc>
<msg timestamp="20220315 15:22:53.197" level="INFO">Opening url 'https://netbanking.hdfcbank.com/netbanking/'</msg>
<status status="PASS" starttime="20220315 15:22:53.196" endtime="20220315 15:22:55.895"/>
</kw>
<kw name="Select Frame" library="SeleniumLibrary">
<arg>xpath=//frame[@name='login_page']</arg>
<doc>Sets frame identified by ``locator`` as the current frame.</doc>
<msg timestamp="20220315 15:22:55.897" level="INFO">Selecting frame 'xpath=//frame[@name='login_page']'.</msg>
<status status="PASS" starttime="20220315 15:22:55.896" endtime="20220315 15:22:55.952"/>
</kw>
<kw name="Input Text" library="SeleniumLibrary">
<arg>name=fldLoginUserId</arg>
<arg>test123</arg>
<doc>Types the given ``text`` into the text field identified by ``locator``.</doc>
<msg timestamp="20220315 15:22:55.953" level="INFO">Typing text 'test123' into text field 'name=fldLoginUserId'.</msg>
<status status="PASS" starttime="20220315 15:22:55.953" endtime="20220315 15:22:56.055"/>
</kw>
<kw name="Click Element" library="SeleniumLibrary">
<arg>link=CONTINUE</arg>
<doc>Click the element identified by ``locator``.</doc>
<msg timestamp="20220315 15:22:56.056" level="INFO">Clicking element 'link=CONTINUE'.</msg>
<status status="PASS" starttime="20220315 15:22:56.056" endtime="20220315 15:22:56.956"/>
</kw>
<kw name="Unselect Frame" library="SeleniumLibrary">
<doc>Sets the main frame as the current frame.</doc>
<status status="PASS" starttime="20220315 15:22:56.957" endtime="20220315 15:22:56.994"/>
</kw>
<kw name="Close Browser" library="SeleniumLibrary" type="TEARDOWN">
<doc>Closes the current browser.</doc>
<status status="PASS" starttime="20220315 15:22:56.994" endtime="20220315 15:22:59.710"/>
</kw>
<status status="PASS" starttime="20220315 15:22:50.604" endtime="20220315 15:22:59.711"/>
</test>
<status status="PASS" starttime="20220315 15:22:50.259" endtime="20220315 15:22:59.717"/>
</suite>
<statistics>
<total>
<stat pass="1" fail="0" skip="0">All Tests</stat>
</total>
<tag>
</tag>
<suite>
<stat pass="1" fail="0" skip="0" id="s1" name="Demo5 Frame Suite">Demo5 Frame Suite</stat>
</suite>
</statistics>
<errors>
</errors>
</robot>
